SF:lib\domain\usecases\search_movies.dart
DA:9,1
DA:11,1
DA:12,2
LF:3
LH:3
end_of_record
SF:lib\domain\usecases\search_tv.dart
DA:9,1
DA:11,1
DA:12,2
LF:3
LH:3
end_of_record
SF:lib\presentation\bloc\search_bloc.dart
DA:17,3
DA:18,2
DA:19,1
DA:21,2
DA:22,2
DA:24,1
DA:25,0
DA:26,3
DA:28,1
DA:35,3
DA:36,2
DA:37,1
DA:39,2
DA:40,2
DA:42,1
DA:43,0
DA:44,3
DA:46,1
DA:50,2
DA:51,6
LF:20
LH:18
end_of_record
SF:lib\presentation\bloc\search_state.dart
DA:5,2
DA:7,2
DA:8,2
DA:18,0
DA:20,0
DA:21,0
DA:27,1
DA:29,1
DA:30,2
DA:36,1
DA:38,1
DA:39,2
LF:12
LH:9
end_of_record
SF:lib\presentation\bloc\search_event.dart
DA:5,2
DA:7,0
DA:8,0
DA:14,2
DA:16,0
DA:17,0
LF:6
LH:2
end_of_record
